<?xml version="1.0" encoding="UTF-8"?>
<!-- Generated by org.testng.reporters.JUnitXMLReporter -->
<testsuite hostname="Safdar-PC" ignored="0" name="Default test" tests="6" failures="0" timestamp="2020-05-14T15:01:00 IST" time="78.085" errors="0">
  <testcase name="verifyLoginPageTitleTest" time="0.407" classname="com.uback.donor.Tests.LoginPageTest"/>
  <testcase name="LogoTest" time="1.348" classname="com.uback.donor.Tests.LoginPageTest"/>
  <testcase name="verifyForgotPassTest" time="1.288" classname="com.uback.donor.Tests.LoginPageTest"/>
  <testcase name="FooterLogoTest" time="1.409" classname="com.uback.donor.Tests.LoginPageTest"/>
  <testcase name="CheckAllFooterLinkTest" time="15.44" classname="com.uback.donor.Tests.LoginPageTest"/>
  <testcase name="loginTest" time="9.034" classname="com.uback.donor.Tests.LoginPageTest"/>
</testsuite> <!-- Default test -->
