<?xml version="1.0" encoding="UTF-8"?>
<!-- Generated by org.testng.reporters.JUnitXMLReporter -->
<testsuite hostname="Safdar-PC" ignored="0" name="Regression Functional Test" tests="6" failures="0" timestamp="2020-05-13T16:25:59 IST" time="53.57" errors="0">
  <testcase name="verifyLoginPageTitleTest" time="0.204" classname="com.uback.donor.Tests.LoginPageTest"/>
  <testcase name="LogoTest" time="2.011" classname="com.uback.donor.Tests.LoginPageTest"/>
  <testcase name="verifyForgotPassTest" time="1.411" classname="com.uback.donor.Tests.LoginPageTest"/>
  <testcase name="FooterLogoTest" time="1.468" classname="com.uback.donor.Tests.LoginPageTest"/>
  <testcase name="CheckAllFooterLinkTest" time="0.268" classname="com.uback.donor.Tests.LoginPageTest"/>
  <testcase name="loginTest" time="5.305" classname="com.uback.donor.Tests.LoginPageTest"/>
</testsuite> <!-- Regression Functional Test -->
