<?xml version="1.0" encoding="UTF-8"?>
<testng-results skipped="0" failed="0" ignored="0" total="6" passed="6">
  <reporter-output>
  </reporter-output>
  <suite name="uBack-Give360 Regression Test Suite" duration-ms="53570" started-at="2020-05-13T16:25:06 IST" finished-at="2020-05-13T16:25:59 IST">
    <groups>
    </groups>
    <test name="Regression Functional Test" duration-ms="53570" started-at="2020-05-13T16:25:06 IST" finished-at="2020-05-13T16:25:59 IST">
      <class name="com.uback.donor.Tests.LoginPageTest">
        <test-method status="PASS" signature="setUp()[pri:0, instance:com.uback.donor.Tests.LoginPageTest@77128dab]" name="setUp" is-config="true" duration-ms="41342" started-at="2020-05-13T16:25:06 IST" finished-at="2020-05-13T16:25:47 IST">
          <reporter-output>
          </reporter-output>
        </test-method> <!-- setUp -->
        <test-method status="PASS" signature="verifyLoginPageTitleTest()[pri:1, instance:com.uback.donor.Tests.LoginPageTest@77128dab]" name="verifyLoginPageTitleTest" duration-ms="204" started-at="2020-05-13T16:25:48 IST" finished-at="2020-05-13T16:25:48 IST">
          <reporter-output>
          </reporter-output>
        </test-method> <!-- verifyLoginPageTitleTest -->
        <test-method status="PASS" signature="LogoTest()[pri:2, instance:com.uback.donor.Tests.LoginPageTest@77128dab]" name="LogoTest" duration-ms="2011" started-at="2020-05-13T16:25:48 IST" finished-at="2020-05-13T16:25:50 IST">
          <reporter-output>
          </reporter-output>
        </test-method> <!-- LogoTest -->
        <test-method status="PASS" signature="verifyForgotPassTest()[pri:3, instance:com.uback.donor.Tests.LoginPageTest@77128dab]" name="verifyForgotPassTest" duration-ms="1411" started-at="2020-05-13T16:25:50 IST" finished-at="2020-05-13T16:25:51 IST">
          <reporter-output>
          </reporter-output>
        </test-method> <!-- verifyForgotPassTest -->
        <test-method status="PASS" signature="FooterLogoTest()[pri:4, instance:com.uback.donor.Tests.LoginPageTest@77128dab]" name="FooterLogoTest" duration-ms="1468" started-at="2020-05-13T16:25:51 IST" finished-at="2020-05-13T16:25:53 IST">
          <reporter-output>
          </reporter-output>
        </test-method> <!-- FooterLogoTest -->
        <test-method status="PASS" signature="CheckAllFooterLinkTest()[pri:5, instance:com.uback.donor.Tests.LoginPageTest@77128dab]" name="CheckAllFooterLinkTest" duration-ms="268" started-at="2020-05-13T16:25:53 IST" finished-at="2020-05-13T16:25:53 IST">
          <reporter-output>
          </reporter-output>
        </test-method> <!-- CheckAllFooterLinkTest -->
        <test-method status="PASS" signature="loginTest()[pri:6, instance:com.uback.donor.Tests.LoginPageTest@77128dab]" name="loginTest" duration-ms="5305" started-at="2020-05-13T16:25:53 IST" finished-at="2020-05-13T16:25:58 IST">
          <reporter-output>
          </reporter-output>
        </test-method> <!-- loginTest -->
        <test-method status="PASS" signature="tearDown()[pri:0, instance:com.uback.donor.Tests.LoginPageTest@77128dab]" name="tearDown" is-config="true" duration-ms="621" started-at="2020-05-13T16:25:58 IST" finished-at="2020-05-13T16:25:59 IST">
          <reporter-output>
          </reporter-output>
        </test-method> <!-- tearDown -->
      </class> <!-- com.uback.donor.Tests.LoginPageTest -->
    </test> <!-- Regression Functional Test -->
  </suite> <!-- uBack-Give360 Regression Test Suite -->
</testng-results>
