<?xml version="1.0" encoding="UTF-8"?>
<testng-results skipped="0" failed="0" ignored="0" total="6" passed="6">
  <reporter-output>
  </reporter-output>
  <suite name="uBack-Give360 Regression Test Suite" duration-ms="36869" started-at="2020-05-14T15:19:58 IST" finished-at="2020-05-14T15:20:35 IST">
    <groups>
    </groups>
    <test name="Regression Functional Test" duration-ms="36869" started-at="2020-05-14T15:19:58 IST" finished-at="2020-05-14T15:20:35 IST">
      <class name="com.uback.donor.Tests.LoginPageTest">
        <test-method status="PASS" signature="setUp()[pri:0, instance:com.uback.donor.Tests.LoginPageTest@4a699efa]" name="setUp" is-config="true" duration-ms="26086" started-at="2020-05-14T15:19:58 IST" finished-at="2020-05-14T15:20:24 IST">
          <reporter-output>
          </reporter-output>
        </test-method> <!-- setUp -->
        <test-method status="PASS" signature="verifyLoginPageTitleTest()[pri:1, instance:com.uback.donor.Tests.LoginPageTest@4a699efa]" name="verifyLoginPageTitleTest" duration-ms="271" started-at="2020-05-14T15:20:24 IST" finished-at="2020-05-14T15:20:25 IST">
          <reporter-output>
          </reporter-output>
        </test-method> <!-- verifyLoginPageTitleTest -->
        <test-method status="PASS" signature="LogoTest()[pri:2, instance:com.uback.donor.Tests.LoginPageTest@4a699efa]" name="LogoTest" duration-ms="1465" started-at="2020-05-14T15:20:25 IST" finished-at="2020-05-14T15:20:26 IST">
          <reporter-output>
          </reporter-output>
        </test-method> <!-- LogoTest -->
        <test-method status="PASS" signature="verifyForgotPassTest()[pri:3, instance:com.uback.donor.Tests.LoginPageTest@4a699efa]" name="verifyForgotPassTest" duration-ms="1420" started-at="2020-05-14T15:20:26 IST" finished-at="2020-05-14T15:20:28 IST">
          <reporter-output>
          </reporter-output>
        </test-method> <!-- verifyForgotPassTest -->
        <test-method status="PASS" signature="FooterLogoTest()[pri:4, instance:com.uback.donor.Tests.LoginPageTest@4a699efa]" name="FooterLogoTest" duration-ms="1490" started-at="2020-05-14T15:20:28 IST" finished-at="2020-05-14T15:20:29 IST">
          <reporter-output>
          </reporter-output>
        </test-method> <!-- FooterLogoTest -->
        <test-method status="PASS" signature="CheckAllFooterLinkTest()[pri:5, instance:com.uback.donor.Tests.LoginPageTest@4a699efa]" name="CheckAllFooterLinkTest" duration-ms="290" started-at="2020-05-14T15:20:29 IST" finished-at="2020-05-14T15:20:30 IST">
          <reporter-output>
          </reporter-output>
        </test-method> <!-- CheckAllFooterLinkTest -->
        <test-method status="PASS" signature="loginTest()[pri:6, instance:com.uback.donor.Tests.LoginPageTest@4a699efa]" name="loginTest" duration-ms="4908" started-at="2020-05-14T15:20:30 IST" finished-at="2020-05-14T15:20:35 IST">
          <reporter-output>
          </reporter-output>
        </test-method> <!-- loginTest -->
        <test-method status="PASS" signature="tearDown()[pri:0, instance:com.uback.donor.Tests.LoginPageTest@4a699efa]" name="tearDown" is-config="true" duration-ms="576" started-at="2020-05-14T15:20:35 IST" finished-at="2020-05-14T15:20:35 IST">
          <reporter-output>
          </reporter-output>
        </test-method> <!-- tearDown -->
      </class> <!-- com.uback.donor.Tests.LoginPageTest -->
    </test> <!-- Regression Functional Test -->
  </suite> <!-- uBack-Give360 Regression Test Suite -->
</testng-results>
